<?xml version="1.0" encoding="UTF-8"?>
<!-- Generated by org.testng.reporters.JUnitReportReporter -->
<testsuite hostname="DESKTOP-4O6QNOC" failures="0" tests="1" name="salesForceNew.test.tests.AutomationScripts" time="21.812" errors="0" timestamp="2022-10-01T22:48:52 CDT" skipped="0">
  <testcase classname="salesForceNew.test.tests.AutomationScripts" name="salesforceTC06" time="21.812"/>
  <system-out/>
</testsuite> <!-- salesForceNew.test.tests.AutomationScripts -->
