<?xml version="1.0" encoding="UTF-8"?>
<!-- Generated by org.testng.reporters.JUnitReportReporter -->
<testsuite hostname="DESKTOP-4O6QNOC" failures="0" tests="1" name="salesForceNew.test.base.BaseBrowserTest" time="0.015" errors="0" timestamp="2022-10-01T12:52:05 CDT" skipped="0">
  <testcase classname="salesForceNew.test.base.BaseBrowserTest" name="get_2weekAhead_date" time="0.015"/>
  <system-out/>
</testsuite> <!-- salesForceNew.test.base.BaseBrowserTest -->
