<?xml version="1.0" encoding="UTF-8"?>
<!-- Generated by org.testng.reporters.JUnitReportReporter -->
<testsuite hostname="DESKTOP-4O6QNOC" failures="0" tests="1" name="salesForceNew.test.tests.AutomationScripts" time="14.881" errors="0" timestamp="2022-09-29T22:11:39 CDT" skipped="0">
  <testcase classname="salesForceNew.test.tests.AutomationScripts" name="salesforceTest2" time="14.881"/>
  <system-out/>
</testsuite> <!-- salesForceNew.test.tests.AutomationScripts -->
